<?xml version="1.0"?>
<!DOCTYPE coverage SYSTEM "http://cobertura.sourceforge.net/xml/coverage-04.dtd">

<coverage line-rate="0.0" branch-rate="0.0" lines-covered="0" lines-valid="97" branches-covered="0" branches-valid="30" complexity="2.0" version="2.1.1" timestamp="1495751789878">
	<sources>
		<source>/home/travis/build/universAAL/utilities/utilities.ioc/src/main/java</source>
		<source>--source</source>
	</sources>
	<packages>
		<package name="org.universAAL.ioc.dependencies" line-rate="1.0" branch-rate="1.0" complexity="1.0">
			<classes>
				<class name="org.universAAL.ioc.dependencies.DependencyProxy" filename="org/universAAL/ioc/dependencies/DependencyProxy.java" line-rate="1.0" branch-rate="1.0" complexity="1.0">
					<methods>
					</methods>
					<lines>
					</lines>
				</class>
			</classes>
		</package>
		<package name="org.universAAL.ioc.dependencies.impl" line-rate="0.0" branch-rate="0.0" complexity="2.2">
			<classes>
				<class name="org.universAAL.ioc.dependencies.impl.NPEDependencyProxy" filename="org/universAAL/ioc/dependencies/impl/NPEDependencyProxy.java" line-rate="0.0" branch-rate="0.0" complexity="1.4">
					<methods>
						<method name="&lt;init&gt;" signature="(Lorg/universAAL/middleware/container/ModuleContext;[Ljava/lang/Object;)V" line-rate="0.0" branch-rate="1.0" complexity="0">
							<lines>
								<line number="44" hits="0" branch="false"/>
								<line number="45" hits="0" branch="false"/>
								<line number="46" hits="0" branch="false"/>
								<line number="47" hits="0" branch="false"/>
							</lines>
						</method>
						<method name="getFilters" signature="()[Ljava/lang/Object;" line-rate="0.0" branch-rate="1.0" complexity="0">
							<lines>
								<line number="56" hits="0" branch="false"/>
							</lines>
						</method>
						<method name="getObject" signature="()Ljava/lang/Object;" line-rate="0.0" branch-rate="0.0" complexity="0">
							<lines>
								<line number="60" hits="0" branch="true" condition-coverage="0% (0/4)">
									<conditions>
										<condition number="0" type="jump" coverage="0%"/>
										<condition number="1" type="jump" coverage="0%"/>
									</conditions>
								</line>
								<line number="61" hits="0" branch="false"/>
								<line number="63" hits="0" branch="false"/>
								<line number="64" hits="0" branch="false"/>
								<line number="65" hits="0" branch="false"/>
							</lines>
						</method>
						<method name="isResolved" signature="()Z" line-rate="0.0" branch-rate="0.0" complexity="0">
							<lines>
								<line number="50" hits="0" branch="false"/>
								<line number="51" hits="0" branch="true" condition-coverage="0% (0/2)">
									<conditions>
										<condition number="0" type="jump" coverage="0%"/>
									</conditions>
								</line>
								<line number="52" hits="0" branch="false"/>
							</lines>
						</method>
						<method name="setObject" signature="(Ljava/lang/Object;)V" line-rate="0.0" branch-rate="1.0" complexity="0">
							<lines>
								<line number="69" hits="0" branch="false"/>
								<line number="70" hits="0" branch="false"/>
								<line number="71" hits="0" branch="false"/>
								<line number="72" hits="0" branch="false"/>
							</lines>
						</method>
					</methods>
					<lines>
						<line number="44" hits="0" branch="false"/>
						<line number="45" hits="0" branch="false"/>
						<line number="46" hits="0" branch="false"/>
						<line number="47" hits="0" branch="false"/>
						<line number="50" hits="0" branch="false"/>
						<line number="51" hits="0" branch="true" condition-coverage="0% (0/2)">
							<conditions>
								<condition number="0" type="jump" coverage="0%"/>
							</conditions>
						</line>
						<line number="52" hits="0" branch="false"/>
						<line number="56" hits="0" branch="false"/>
						<line number="60" hits="0" branch="true" condition-coverage="0% (0/4)">
							<conditions>
								<condition number="0" type="jump" coverage="0%"/>
								<condition number="1" type="jump" coverage="0%"/>
							</conditions>
						</line>
						<line number="61" hits="0" branch="false"/>
						<line number="63" hits="0" branch="false"/>
						<line number="64" hits="0" branch="false"/>
						<line number="65" hits="0" branch="false"/>
						<line number="69" hits="0" branch="false"/>
						<line number="70" hits="0" branch="false"/>
						<line number="71" hits="0" branch="false"/>
						<line number="72" hits="0" branch="false"/>
					</lines>
				</class>
				<class name="org.universAAL.ioc.dependencies.impl.PassiveDependencyProxy" filename="org/universAAL/ioc/dependencies/impl/PassiveDependencyProxy.java" line-rate="0.0" branch-rate="0.0" complexity="2.857142857142857">
					<methods>
						<method name="&lt;init&gt;" signature="(Lorg/universAAL/middleware/container/ModuleContext;[Ljava/lang/Object;)V" line-rate="0.0" branch-rate="0.0" complexity="0">
							<lines>
								<line number="50" hits="0" branch="false"/>
								<line number="51" hits="0" branch="false"/>
								<line number="53" hits="0" branch="false"/>
								<line number="54" hits="0" branch="false"/>
								<line number="55" hits="0" branch="false"/>
								<line number="56" hits="0" branch="false"/>
								<line number="57" hits="0" branch="false"/>
								<line number="58" hits="0" branch="false"/>
								<line number="60" hits="0" branch="true" condition-coverage="0% (0/4)">
									<conditions>
										<condition number="0" type="jump" coverage="0%"/>
										<condition number="1" type="jump" coverage="0%"/>
									</conditions>
								</line>
								<line number="62" hits="0" branch="false"/>
								<line number="63" hits="0" branch="false"/>
								<line number="64" hits="0" branch="false"/>
								<line number="66" hits="0" branch="false"/>
							</lines>
						</method>
						<method name="getFilters" signature="()[Ljava/lang/Object;" line-rate="0.0" branch-rate="1.0" complexity="0">
							<lines>
								<line number="75" hits="0" branch="false"/>
							</lines>
						</method>
						<method name="getObject" signature="()Ljava/lang/Object;" line-rate="0.0" branch-rate="0.0" complexity="0">
							<lines>
								<line number="79" hits="0" branch="false"/>
								<line number="80" hits="0" branch="true" condition-coverage="0% (0/2)">
									<conditions>
										<condition number="0" type="jump" coverage="0%"/>
									</conditions>
								</line>
								<line number="82" hits="0" branch="false"/>
								<line number="83" hits="0" branch="false"/>
								<line number="84" hits="0" branch="false"/>
								<line number="85" hits="0" branch="false"/>
								<line number="87" hits="0" branch="false"/>
								<line number="88" hits="0" branch="false"/>
							</lines>
						</method>
						<method name="isResolved" signature="()Z" line-rate="0.0" branch-rate="0.0" complexity="0">
							<lines>
								<line number="69" hits="0" branch="false"/>
								<line number="70" hits="0" branch="true" condition-coverage="0% (0/2)">
									<conditions>
										<condition number="0" type="jump" coverage="0%"/>
									</conditions>
								</line>
								<line number="71" hits="0" branch="false"/>
							</lines>
						</method>
						<method name="setObject" signature="(Ljava/lang/Object;)V" line-rate="0.0" branch-rate="1.0" complexity="0">
							<lines>
								<line number="92" hits="0" branch="false"/>
								<line number="93" hits="0" branch="false"/>
								<line number="94" hits="0" branch="false"/>
								<line number="95" hits="0" branch="false"/>
								<line number="96" hits="0" branch="false"/>
							</lines>
						</method>
						<method name="sharedObjectAdded" signature="(Ljava/lang/Object;Ljava/lang/Object;)V" line-rate="0.0" branch-rate="0.0" complexity="0">
							<lines>
								<line number="101" hits="0" branch="true" condition-coverage="0% (0/2)">
									<conditions>
										<condition number="0" type="jump" coverage="0%"/>
									</conditions>
								</line>
								<line number="102" hits="0" branch="true" condition-coverage="0% (0/2)">
									<conditions>
										<condition number="0" type="jump" coverage="0%"/>
									</conditions>
								</line>
								<line number="103" hits="0" branch="false"/>
								<line number="110" hits="0" branch="false"/>
								<line number="111" hits="0" branch="false"/>
								<line number="112" hits="0" branch="false"/>
								<line number="113" hits="0" branch="false"/>
								<line number="116" hits="0" branch="false"/>
								<line number="117" hits="0" branch="false"/>
							</lines>
						</method>
						<method name="sharedObjectRemoved" signature="(Ljava/lang/Object;)V" line-rate="0.0" branch-rate="0.0" complexity="0">
							<lines>
								<line number="120" hits="0" branch="true" condition-coverage="0% (0/2)">
									<conditions>
										<condition number="0" type="jump" coverage="0%"/>
									</conditions>
								</line>
								<line number="121" hits="0" branch="false"/>
								<line number="124" hits="0" branch="false"/>
							</lines>
						</method>
					</methods>
					<lines>
						<line number="50" hits="0" branch="false"/>
						<line number="51" hits="0" branch="false"/>
						<line number="53" hits="0" branch="false"/>
						<line number="54" hits="0" branch="false"/>
						<line number="55" hits="0" branch="false"/>
						<line number="56" hits="0" branch="false"/>
						<line number="57" hits="0" branch="false"/>
						<line number="58" hits="0" branch="false"/>
						<line number="60" hits="0" branch="true" condition-coverage="0% (0/4)">
							<conditions>
								<condition number="0" type="jump" coverage="0%"/>
								<condition number="1" type="jump" coverage="0%"/>
							</conditions>
						</line>
						<line number="62" hits="0" branch="false"/>
						<line number="63" hits="0" branch="false"/>
						<line number="64" hits="0" branch="false"/>
						<line number="66" hits="0" branch="false"/>
						<line number="69" hits="0" branch="false"/>
						<line number="70" hits="0" branch="true" condition-coverage="0% (0/2)">
							<conditions>
								<condition number="0" type="jump" coverage="0%"/>
							</conditions>
						</line>
						<line number="71" hits="0" branch="false"/>
						<line number="75" hits="0" branch="false"/>
						<line number="79" hits="0" branch="false"/>
						<line number="80" hits="0" branch="true" condition-coverage="0% (0/2)">
							<conditions>
								<condition number="0" type="jump" coverage="0%"/>
							</conditions>
						</line>
						<line number="82" hits="0" branch="false"/>
						<line number="83" hits="0" branch="false"/>
						<line number="84" hits="0" branch="false"/>
						<line number="85" hits="0" branch="false"/>
						<line number="87" hits="0" branch="false"/>
						<line number="88" hits="0" branch="false"/>
						<line number="92" hits="0" branch="false"/>
						<line number="93" hits="0" branch="false"/>
						<line number="94" hits="0" branch="false"/>
						<line number="95" hits="0" branch="false"/>
						<line number="96" hits="0" branch="false"/>
						<line number="101" hits="0" branch="true" condition-coverage="0% (0/2)">
							<conditions>
								<condition number="0" type="jump" coverage="0%"/>
							</conditions>
						</line>
						<line number="102" hits="0" branch="true" condition-coverage="0% (0/2)">
							<conditions>
								<condition number="0" type="jump" coverage="0%"/>
							</conditions>
						</line>
						<line number="103" hits="0" branch="false"/>
						<line number="110" hits="0" branch="false"/>
						<line number="111" hits="0" branch="false"/>
						<line number="112" hits="0" branch="false"/>
						<line number="113" hits="0" branch="false"/>
						<line number="116" hits="0" branch="false"/>
						<line number="117" hits="0" branch="false"/>
						<line number="120" hits="0" branch="true" condition-coverage="0% (0/2)">
							<conditions>
								<condition number="0" type="jump" coverage="0%"/>
							</conditions>
						</line>
						<line number="121" hits="0" branch="false"/>
						<line number="124" hits="0" branch="false"/>
					</lines>
				</class>
				<class name="org.universAAL.ioc.dependencies.impl.WaitingDependencyProxy" filename="org/universAAL/ioc/dependencies/impl/WaitingDependencyProxy.java" line-rate="0.0" branch-rate="0.0" complexity="2.125">
					<methods>
						<method name="&lt;init&gt;" signature="([Ljava/lang/Object;)V" line-rate="0.0" branch-rate="1.0" complexity="0">
							<lines>
								<line number="47" hits="0" branch="false"/>
								<line number="48" hits="0" branch="false"/>
							</lines>
						</method>
						<method name="&lt;init&gt;" signature="([Ljava/lang/Object;JJ)V" line-rate="0.0" branch-rate="1.0" complexity="0">
							<lines>
								<line number="50" hits="0" branch="false"/>
								<line number="51" hits="0" branch="false"/>
								<line number="52" hits="0" branch="false"/>
								<line number="53" hits="0" branch="false"/>
								<line number="54" hits="0" branch="false"/>
							</lines>
						</method>
						<method name="getFilters" signature="()[Ljava/lang/Object;" line-rate="0.0" branch-rate="1.0" complexity="0">
							<lines>
								<line number="63" hits="0" branch="false"/>
							</lines>
						</method>
						<method name="getNoTimeout" signature="()Ljava/lang/Object;" line-rate="0.0" branch-rate="0.0" complexity="0">
							<lines>
								<line number="91" hits="0" branch="false"/>
								<line number="92" hits="0" branch="true" condition-coverage="0% (0/2)">
									<conditions>
										<condition number="0" type="jump" coverage="0%"/>
									</conditions>
								</line>
								<line number="94" hits="0" branch="false"/>
								<line number="95" hits="0" branch="false"/>
								<line number="96" hits="0" branch="false"/>
								<line number="97" hits="0" branch="false"/>
								<line number="99" hits="0" branch="false"/>
								<line number="100" hits="0" branch="false"/>
							</lines>
						</method>
						<method name="getObject" signature="()Ljava/lang/Object;" line-rate="0.0" branch-rate="0.0" complexity="0">
							<lines>
								<line number="67" hits="0" branch="true" condition-coverage="0% (0/2)">
									<conditions>
										<condition number="0" type="jump" coverage="0%"/>
									</conditions>
								</line>
								<line number="68" hits="0" branch="false"/>
								<line number="70" hits="0" branch="false"/>
							</lines>
						</method>
						<method name="getWithTimeout" signature="()Ljava/lang/Object;" line-rate="0.0" branch-rate="0.0" complexity="0">
							<lines>
								<line number="75" hits="0" branch="false"/>
								<line number="76" hits="0" branch="false"/>
								<line number="77" hits="0" branch="false"/>
								<line number="78" hits="0" branch="true" condition-coverage="0% (0/4)">
									<conditions>
										<condition number="0" type="jump" coverage="0%"/>
										<condition number="1" type="jump" coverage="0%"/>
									</conditions>
								</line>
								<line number="80" hits="0" branch="false"/>
								<line number="81" hits="0" branch="false"/>
								<line number="82" hits="0" branch="false"/>
								<line number="83" hits="0" branch="false"/>
								<line number="84" hits="0" branch="false"/>
								<line number="86" hits="0" branch="false"/>
								<line number="87" hits="0" branch="false"/>
							</lines>
						</method>
						<method name="isResolved" signature="()Z" line-rate="0.0" branch-rate="0.0" complexity="0">
							<lines>
								<line number="57" hits="0" branch="false"/>
								<line number="58" hits="0" branch="true" condition-coverage="0% (0/2)">
									<conditions>
										<condition number="0" type="jump" coverage="0%"/>
									</conditions>
								</line>
								<line number="59" hits="0" branch="false"/>
							</lines>
						</method>
						<method name="setObject" signature="(Ljava/lang/Object;)V" line-rate="0.0" branch-rate="1.0" complexity="0">
							<lines>
								<line number="104" hits="0" branch="false"/>
								<line number="105" hits="0" branch="false"/>
								<line number="106" hits="0" branch="false"/>
								<line number="107" hits="0" branch="false"/>
								<line number="108" hits="0" branch="false"/>
							</lines>
						</method>
					</methods>
					<lines>
						<line number="47" hits="0" branch="false"/>
						<line number="48" hits="0" branch="false"/>
						<line number="50" hits="0" branch="false"/>
						<line number="51" hits="0" branch="false"/>
						<line number="52" hits="0" branch="false"/>
						<line number="53" hits="0" branch="false"/>
						<line number="54" hits="0" branch="false"/>
						<line number="57" hits="0" branch="false"/>
						<line number="58" hits="0" branch="true" condition-coverage="0% (0/2)">
							<conditions>
								<condition number="0" type="jump" coverage="0%"/>
							</conditions>
						</line>
						<line number="59" hits="0" branch="false"/>
						<line number="63" hits="0" branch="false"/>
						<line number="67" hits="0" branch="true" condition-coverage="0% (0/2)">
							<conditions>
								<condition number="0" type="jump" coverage="0%"/>
							</conditions>
						</line>
						<line number="68" hits="0" branch="false"/>
						<line number="70" hits="0" branch="false"/>
						<line number="75" hits="0" branch="false"/>
						<line number="76" hits="0" branch="false"/>
						<line number="77" hits="0" branch="false"/>
						<line number="78" hits="0" branch="true" condition-coverage="0% (0/4)">
							<conditions>
								<condition number="0" type="jump" coverage="0%"/>
								<condition number="1" type="jump" coverage="0%"/>
							</conditions>
						</line>
						<line number="80" hits="0" branch="false"/>
						<line number="81" hits="0" branch="false"/>
						<line number="82" hits="0" branch="false"/>
						<line number="83" hits="0" branch="false"/>
						<line number="84" hits="0" branch="false"/>
						<line number="86" hits="0" branch="false"/>
						<line number="87" hits="0" branch="false"/>
						<line number="91" hits="0" branch="false"/>
						<line number="92" hits="0" branch="true" condition-coverage="0% (0/2)">
							<conditions>
								<condition number="0" type="jump" coverage="0%"/>
							</conditions>
						</line>
						<line number="94" hits="0" branch="false"/>
						<line number="95" hits="0" branch="false"/>
						<line number="96" hits="0" branch="false"/>
						<line number="97" hits="0" branch="false"/>
						<line number="99" hits="0" branch="false"/>
						<line number="100" hits="0" branch="false"/>
						<line number="104" hits="0" branch="false"/>
						<line number="105" hits="0" branch="false"/>
						<line number="106" hits="0" branch="false"/>
						<line number="107" hits="0" branch="false"/>
						<line number="108" hits="0" branch="false"/>
					</lines>
				</class>
			</classes>
		</package>
	</packages>
</coverage>
